<?xml version="1.0" encoding="UTF-8"?>
<testng-results ignored="0" total="10" passed="9" failed="1" skipped="0">
  <reporter-output>
  </reporter-output>
  <suite started-at="2023-04-13T17:15:01 IST" name="Default suite" finished-at="2023-04-13T17:17:40 IST" duration-ms="159087">
    <groups>
    </groups>
    <test started-at="2023-04-13T17:15:01 IST" name="Default test" finished-at="2023-04-13T17:17:40 IST" duration-ms="159087">
      <class name="com.training.sanity.tests.sothernKarnatakaCircuitTest">
        <test-method is-config="true" signature="setUp()[pri:0, instance:com.training.sanity.tests.sothernKarnatakaCircuitTest@3835c46]" started-at="2023-04-13T17:15:01 IST" name="setUp" finished-at="2023-04-13T17:16:11 IST" duration-ms="70315" status="PASS">
          <reporter-output>
          </reporter-output>
        </test-method> <!-- setUp -->
        <test-method signature="TC_001()[pri:1, instance:com.training.sanity.tests.sothernKarnatakaCircuitTest@3835c46]" started-at="2023-04-13T17:16:11 IST" name="TC_001" finished-at="2023-04-13T17:16:17 IST" duration-ms="6128" status="PASS">
          <reporter-output>
          </reporter-output>
        </test-method> <!-- TC_001 -->
        <test-method signature="TC_002()[pri:2, instance:com.training.sanity.tests.sothernKarnatakaCircuitTest@3835c46]" started-at="2023-04-13T17:16:17 IST" name="TC_002" finished-at="2023-04-13T17:16:21 IST" duration-ms="3477" status="PASS">
          <reporter-output>
          </reporter-output>
        </test-method> <!-- TC_002 -->
        <test-method signature="TC_003()[pri:3, instance:com.training.sanity.tests.sothernKarnatakaCircuitTest@3835c46]" started-at="2023-04-13T17:16:21 IST" name="TC_003" finished-at="2023-04-13T17:16:24 IST" duration-ms="3746" status="PASS">
          <reporter-output>
          </reporter-output>
        </test-method> <!-- TC_003 -->
        <test-method signature="TC_004()[pri:4, instance:com.training.sanity.tests.sothernKarnatakaCircuitTest@3835c46]" started-at="2023-04-13T17:16:24 IST" name="TC_004" finished-at="2023-04-13T17:16:33 IST" duration-ms="8302" status="PASS">
          <reporter-output>
          </reporter-output>
        </test-method> <!-- TC_004 -->
        <test-method signature="TC_005()[pri:5, instance:com.training.sanity.tests.sothernKarnatakaCircuitTest@3835c46]" started-at="2023-04-13T17:16:33 IST" name="TC_005" finished-at="2023-04-13T17:16:44 IST" duration-ms="11082" status="PASS">
          <reporter-output>
          </reporter-output>
        </test-method> <!-- TC_005 -->
        <test-method signature="TC_006()[pri:6, instance:com.training.sanity.tests.sothernKarnatakaCircuitTest@3835c46]" started-at="2023-04-13T17:16:44 IST" name="TC_006" finished-at="2023-04-13T17:16:54 IST" duration-ms="10656" status="PASS">
          <reporter-output>
          </reporter-output>
        </test-method> <!-- TC_006 -->
        <test-method signature="TC_007()[pri:7, instance:com.training.sanity.tests.sothernKarnatakaCircuitTest@3835c46]" started-at="2023-04-13T17:16:54 IST" name="TC_007" finished-at="2023-04-13T17:17:05 IST" duration-ms="10285" status="PASS">
          <reporter-output>
          </reporter-output>
        </test-method> <!-- TC_007 -->
        <test-method signature="TC_008()[pri:8, instance:com.training.sanity.tests.sothernKarnatakaCircuitTest@3835c46]" started-at="2023-04-13T17:17:05 IST" name="TC_008" finished-at="2023-04-13T17:17:10 IST" duration-ms="5010" status="PASS">
          <reporter-output>
          </reporter-output>
        </test-method> <!-- TC_008 -->
        <test-method signature="TC_009()[pri:9, instance:com.training.sanity.tests.sothernKarnatakaCircuitTest@3835c46]" started-at="2023-04-13T17:17:10 IST" name="TC_009" finished-at="2023-04-13T17:17:24 IST" duration-ms="14552" status="PASS">
          <reporter-output>
          </reporter-output>
        </test-method> <!-- TC_009 -->
        <test-method signature="TC_010()[pri:10, instance:com.training.sanity.tests.sothernKarnatakaCircuitTest@3835c46]" started-at="2023-04-13T17:17:24 IST" name="TC_010" finished-at="2023-04-13T17:17:38 IST" duration-ms="14044" status="FAIL">
          <exception class="java.lang.AssertionError">
            <message>
              <![CDATA[did not expect [https://karnatakatourism.org/skc-acc-beluru/] but found [https://karnatakatourism.org/skc-acc-beluru/]]]>
            </message>
            <full-stacktrace>
              <![CDATA[java.lang.AssertionError: did not expect [https://karnatakatourism.org/skc-acc-beluru/] but found [https://karnatakatourism.org/skc-acc-beluru/]
at org.testng.Assert.fail(Assert.java:99)
at org.testng.Assert.failEquals(Assert.java:1041)
at org.testng.Assert.assertNotEqualsImpl(Assert.java:147)
at org.testng.Assert.assertNotEquals(Assert.java:1531)
at org.testng.Assert.assertNotEquals(Assert.java:1535)
at com.training.pom.southernKarnatakaCircuitPOM.SanmanResidencyLinkFunctionality(southernKarnatakaCircuitPOM.java:126)
at com.training.sanity.tests.sothernKarnatakaCircuitTest.TC_010(sothernKarnatakaCircuitTest.java:88)
at java.base/jdk.internal.reflect.DirectMethodHandleAccessor.invoke(DirectMethodHandleAccessor.java:104)
at java.base/java.lang.reflect.Method.invoke(Method.java:578)
at org.testng.internal.MethodInvocationHelper.invokeMethod(MethodInvocationHelper.java:133)
at org.testng.internal.TestInvoker.invokeMethod(TestInvoker.java:598)
at org.testng.internal.TestInvoker.invokeTestMethod(TestInvoker.java:173)
at org.testng.internal.MethodRunner.runInSequence(MethodRunner.java:46)
at org.testng.internal.TestInvoker$MethodInvocationAgent.invoke(TestInvoker.java:824)
at org.testng.internal.TestInvoker.invokeTestMethods(TestInvoker.java:146)
at org.testng.internal.TestMethodWorker.invokeTestMethods(TestMethodWorker.java:146)
at org.testng.internal.TestMethodWorker.run(TestMethodWorker.java:128)
at java.base/java.util.ArrayList.forEach(ArrayList.java:1511)
at org.testng.TestRunner.privateRun(TestRunner.java:794)
at org.testng.TestRunner.run(TestRunner.java:596)
at org.testng.SuiteRunner.runTest(SuiteRunner.java:377)
at org.testng.SuiteRunner.runSequentially(SuiteRunner.java:371)
at org.testng.SuiteRunner.privateRun(SuiteRunner.java:332)
at org.testng.SuiteRunner.run(SuiteRunner.java:276)
at org.testng.SuiteRunnerWorker.runSuite(SuiteRunnerWorker.java:53)
at org.testng.SuiteRunnerWorker.run(SuiteRunnerWorker.java:96)
at org.testng.TestNG.runSuitesSequentially(TestNG.java:1212)
at org.testng.TestNG.runSuitesLocally(TestNG.java:1134)
at org.testng.TestNG.runSuites(TestNG.java:1063)
at org.testng.TestNG.run(TestNG.java:1031)
at org.testng.remote.AbstractRemoteTestNG.run(AbstractRemoteTestNG.java:115)
at org.testng.remote.RemoteTestNG.initAndRun(RemoteTestNG.java:251)
at org.testng.remote.RemoteTestNG.main(RemoteTestNG.java:77)
]]>
            </full-stacktrace>
          </exception> <!-- java.lang.AssertionError -->
          <reporter-output>
          </reporter-output>
        </test-method> <!-- TC_010 -->
        <test-method is-config="true" signature="tearDown()[pri:0, instance:com.training.sanity.tests.sothernKarnatakaCircuitTest@3835c46]" started-at="2023-04-13T17:17:38 IST" name="tearDown" finished-at="2023-04-13T17:17:40 IST" duration-ms="1422" status="PASS">
          <reporter-output>
          </reporter-output>
        </test-method> <!-- tearDown -->
      </class> <!-- com.training.sanity.tests.sothernKarnatakaCircuitTest -->
    </test> <!-- Default test -->
  </suite> <!-- Default suite -->
</testng-results>
