<?xml version="1.0" encoding="UTF-8"?>
<!-- Generated by org.testng.reporters.JUnitReportReporter -->
<testsuite hostname="LAPTOP-SSV1DC61" failures="1" tests="10" name="com.training.sanity.tests.sothernKarnatakaCircuitTest" time="87.282" errors="0" timestamp="2023-04-13T17:17:40 IST" skipped="0">
  <testcase classname="com.training.sanity.tests.sothernKarnatakaCircuitTest" name="TC_001" time="6.128"/>
  <system-out/>
  <testcase classname="com.training.sanity.tests.sothernKarnatakaCircuitTest" name="TC_002" time="3.477"/>
  <system-out/>
  <testcase classname="com.training.sanity.tests.sothernKarnatakaCircuitTest" name="TC_003" time="3.746"/>
  <system-out/>
  <testcase classname="com.training.sanity.tests.sothernKarnatakaCircuitTest" name="TC_004" time="8.302"/>
  <system-out/>
  <testcase classname="com.training.sanity.tests.sothernKarnatakaCircuitTest" name="TC_005" time="11.082"/>
  <system-out/>
  <testcase classname="com.training.sanity.tests.sothernKarnatakaCircuitTest" name="TC_006" time="10.656"/>
  <system-out/>
  <testcase classname="com.training.sanity.tests.sothernKarnatakaCircuitTest" name="TC_007" time="10.285"/>
  <system-out/>
  <testcase classname="com.training.sanity.tests.sothernKarnatakaCircuitTest" name="TC_008" time="5.010"/>
  <system-out/>
  <testcase classname="com.training.sanity.tests.sothernKarnatakaCircuitTest" name="TC_009" time="14.552"/>
  <system-out/>
  <testcase classname="com.training.sanity.tests.sothernKarnatakaCircuitTest" name="TC_010" time="14.044">
    <failure message="did not expect [https://karnatakatourism.org/skc-acc-beluru/] but found [https://karnatakatourism.org/skc-acc-beluru/]" type="java.lang.AssertionError">
      <![CDATA[java.lang.AssertionError: did not expect [https://karnatakatourism.org/skc-acc-beluru/] but found [https://karnatakatourism.org/skc-acc-beluru/]
at org.testng.Assert.fail(Assert.java:99)
at org.testng.Assert.failEquals(Assert.java:1041)
at org.testng.Assert.assertNotEqualsImpl(Assert.java:147)
at org.testng.Assert.assertNotEquals(Assert.java:1531)
at org.testng.Assert.assertNotEquals(Assert.java:1535)
at com.training.pom.southernKarnatakaCircuitPOM.SanmanResidencyLinkFunctionality(southernKarnatakaCircuitPOM.java:126)
at com.training.sanity.tests.sothernKarnatakaCircuitTest.TC_010(sothernKarnatakaCircuitTest.java:88)
at java.base/jdk.internal.reflect.DirectMethodHandleAccessor.invoke(DirectMethodHandleAccessor.java:104)
at java.base/java.lang.reflect.Method.invoke(Method.java:578)
at org.testng.internal.MethodInvocationHelper.invokeMethod(MethodInvocationHelper.java:133)
at org.testng.internal.TestInvoker.invokeMethod(TestInvoker.java:598)
at org.testng.internal.TestInvoker.invokeTestMethod(TestInvoker.java:173)
at org.testng.internal.MethodRunner.runInSequence(MethodRunner.java:46)
at org.testng.internal.TestInvoker$MethodInvocationAgent.invoke(TestInvoker.java:824)
at org.testng.internal.TestInvoker.invokeTestMethods(TestInvoker.java:146)
at org.testng.internal.TestMethodWorker.invokeTestMethods(TestMethodWorker.java:146)
at org.testng.internal.TestMethodWorker.run(TestMethodWorker.java:128)
at java.base/java.util.ArrayList.forEach(ArrayList.java:1511)
at org.testng.TestRunner.privateRun(TestRunner.java:794)
at org.testng.TestRunner.run(TestRunner.java:596)
at org.testng.SuiteRunner.runTest(SuiteRunner.java:377)
at org.testng.SuiteRunner.runSequentially(SuiteRunner.java:371)
at org.testng.SuiteRunner.privateRun(SuiteRunner.java:332)
at org.testng.SuiteRunner.run(SuiteRunner.java:276)
at org.testng.SuiteRunnerWorker.runSuite(SuiteRunnerWorker.java:53)
at org.testng.SuiteRunnerWorker.run(SuiteRunnerWorker.java:96)
at org.testng.TestNG.runSuitesSequentially(TestNG.java:1212)
at org.testng.TestNG.runSuitesLocally(TestNG.java:1134)
at org.testng.TestNG.runSuites(TestNG.java:1063)
at org.testng.TestNG.run(TestNG.java:1031)
at org.testng.remote.AbstractRemoteTestNG.run(AbstractRemoteTestNG.java:115)
at org.testng.remote.RemoteTestNG.initAndRun(RemoteTestNG.java:251)
at org.testng.remote.RemoteTestNG.main(RemoteTestNG.java:77)
]]>
    </failure>
  </testcase> <!-- TC_010 -->
  <system-out/>
</testsuite> <!-- com.training.sanity.tests.sothernKarnatakaCircuitTest -->
